C51 COMPILER V9.60.0.0   LEDSCODE                                                          01/01/2026 10:20:58 PAGE 1   


C51 COMPILER V9.60.0.0, COMPILATION OF MODULE LEDSCODE
OBJECT MODULE PLACED IN ledscode.OBJ
COMPILER INVOKED BY: C:\Keil_v5\C51\BIN\C51.EXE ledscode.c OPTIMIZE(8,SPEED) BROWSE DEBUG OBJECTEXTEND PRINT(.\Listings\
                    -ledscode.lst) TABS(2)

line level    source

   1          #include <reg51.h>
   2          
   3          // LCD Connections (same as your figure)
   4          #define LCD_DATA P2
   5          sbit RS = P3^0;
   6          sbit RW = P3^1;
   7          sbit EN = P3^2;
   8          
   9          // Function Prototypes
  10          void delay_ms(unsigned int ms);
  11          void lcd_cmd(unsigned char cmd);
  12          void lcd_data(unsigned char dat);
  13          void lcd_init();
  14          void lcd_string(char *str);
  15          
  16          void main() {
  17   1          
  18   1          lcd_init();
  19   1      
  20   1          while(1)   // Infinite display
  21   1          {
  22   2              lcd_cmd(0x01);      // Clear LCD
  23   2              delay_ms(2);
  24   2      
  25   2              lcd_cmd(0x80);      // First line
  26   2              lcd_string("Mian Asad Ali");
  27   2      
  28   2              lcd_cmd(0xC0);      // Second line
  29   2              lcd_string("FA23-BSE-015");
  30   2      
  31   2              delay_ms(3000);     // Display for 3 seconds
  32   2          }
  33   1      }
  34          
  35          // Display String on LCD
  36          void lcd_string(char *str) {
  37   1          while(*str) {
  38   2              lcd_data(*str++);
  39   2              delay_ms(200);
  40   2          }
  41   1      }
  42          
  43          // Delay Function (12MHz Crystal)
  44          void delay_ms(unsigned int ms) {
  45   1          unsigned int i, j;
  46   1          for(i = 0; i < ms; i++)
  47   1              for(j = 0; j < 125; j++);
  48   1      }
  49          
  50          // Send Command to LCD
  51          void lcd_cmd(unsigned char cmd) {
  52   1          LCD_DATA = cmd;
  53   1          RS = 0;
  54   1          RW = 0;
C51 COMPILER V9.60.0.0   LEDSCODE                                                          01/01/2026 10:20:58 PAGE 2   

  55   1          EN = 1;
  56   1          delay_ms(2);
  57   1          EN = 0;
  58   1      }
  59          
  60          // Send Data to LCD
  61          void lcd_data(unsigned char dat) {
  62   1          LCD_DATA = dat;
  63   1          RS = 1;
  64   1          RW = 0;
  65   1          EN = 1;
  66   1          delay_ms(2);
  67   1          EN = 0;
  68   1      }
  69          
  70          // LCD Initialization
  71          void lcd_init() {
  72   1          delay_ms(20);
  73   1          lcd_cmd(0x38);   // 8-bit, 2-line LCD
  74   1          lcd_cmd(0x0C);   // Display ON, Cursor OFF
  75   1          lcd_cmd(0x06);   // Auto increment cursor
  76   1          lcd_cmd(0x01);   // Clear display
  77   1          delay_ms(5);
  78   1      }


MODULE INFORMATION:   STATIC OVERLAYABLE
   CODE SIZE        =    186    ----
   CONSTANT SIZE    =     27    ----
   XDATA SIZE       =   ----    ----
   PDATA SIZE       =   ----    ----
   DATA SIZE        =   ----       3
   IDATA SIZE       =   ----    ----
   BIT SIZE         =   ----    ----
END OF MODULE INFORMATION.


C51 COMPILATION COMPLETE.  0 WARNING(S),  0 ERROR(S)
